Using pre-set license
Built from '2020.3/staging' branch; Version is '2020.3.17f1 (a4537701e4ab) revision 10769271'; Using compiler version '192528614'; Build Type 'Release'
OS: 'Windows 10 Home Single Language; OS build 19044.1645; Version 2009; 64bit' Language: 'en' Physical Memory: 12048 MB
BatchMode: 1, IsHumanControllingUs: 0, StartBugReporterOnCrash: 0, Is64bit: 1, IsPro: 0

COMMAND LINE ARGUMENTS:
D:\Unity Game Engine\2020.3.17f1\Editor\Unity.exe
-adb2
-batchMode
-noUpm
-name
AssetImportWorker0
-projectPath
D:/Unity Game Engine/Projects/Tes Board Game YT
-logFile
Logs/AssetImportWorker0.log
-srvPort
60092
Successfully changed project path to: D:/Unity Game Engine/Projects/Tes Board Game YT
D:/Unity Game Engine/Projects/Tes Board Game YT
Using Asset Import Pipeline V2.
Refreshing native plugins compatible for Editor in 200.58 ms, found 3 plugins.
Preloading 0 native plugins for Editor in 0.00 ms.
Initialize engine version: 2020.3.17f1 (a4537701e4ab)
[Subsystems] Discovering subsystems at path D:/Unity Game Engine/2020.3.17f1/Editor/Data/Resources/UnitySubsystems
[Subsystems] Discovering subsystems at path D:/Unity Game Engine/Projects/Tes Board Game YT/Assets
GfxDevice: creating device client; threaded=0
Direct3D:
    Version:  Direct3D 11.0 [level 11.1]
    Renderer: NVIDIA GeForce MX350 (ID=0x1c94)
    Vendor:   
    VRAM:     1979 MB
    Driver:   30.0.15.1123
Initialize mono
Mono path[0] = 'D:/Unity Game Engine/2020.3.17f1/Editor/Data/Managed'
Mono path[1] = 'D:/Unity Game Engine/2020.3.17f1/Editor/Data/MonoBleedingEdge/lib/mono/unityjit'
Mono config path = 'D:/Unity Game Engine/2020.3.17f1/Editor/Data/MonoBleedingEdge/etc'
Using monoOptions --debugger-agent=transport=dt_socket,embedding=1,server=y,suspend=n,address=127.0.0.1:56752
Begin MonoManager ReloadAssembly
Registering precompiled unity dll's ...
Register platform support module: D:/Unity Game Engine/2020.3.17f1/Editor/Data/PlaybackEngines/WebGLSupport/UnityEditor.WebGL.Extensions.dll
Register platform support module: D:/Unity Game Engine/2020.3.17f1/Editor/Data/PlaybackEngines/WindowsStandaloneSupport/UnityEditor.WindowsStandalone.Extensions.dll
Registered in 0.005097 seconds.
Native extension for WindowsStandalone target not found
Native extension for WebGL target not found
Refreshing native plugins compatible for Editor in 100.10 ms, found 3 plugins.
Preloading 0 native plugins for Editor in 0.00 ms.
Mono: successfully reloaded assembly
- Completed reload, in  4.082 seconds
Domain Reload Profiling:
	ReloadAssembly (4083ms)
		BeginReloadAssembly (142ms)
			ExecutionOrderSort (0ms)
			DisableScriptedObjects (0ms)
			BackupInstance (0ms)
			ReleaseScriptingObjects (0ms)
			CreateAndSetChildDomain (2ms)
		EndReloadAssembly (1260ms)
			LoadAssemblies (139ms)
			RebuildTransferFunctionScriptingTraits (0ms)
			SetupTypeCache (538ms)
			ReleaseScriptCaches (0ms)
			RebuildScriptCaches (73ms)
			SetupLoadedEditorAssemblies (470ms)
				LogAssemblyErrors (0ms)
				InitializePlatformSupportModulesInManaged (11ms)
				SetLoadedEditorAssemblies (1ms)
				RefreshPlugins (100ms)
				BeforeProcessingInitializeOnLoad (39ms)
				ProcessInitializeOnLoadAttributes (233ms)
				ProcessInitializeOnLoadMethodAttributes (85ms)
				AfterProcessingInitializeOnLoad (0ms)
				EditorAssembliesLoaded (1ms)
			ExecutionOrderSort2 (0ms)
			AwakeInstancesAfterBackupRestoration (0ms)
Platform modules already initialized, skipping
Registering precompiled user dll's ...
Registered in 0.010314 seconds.
Begin MonoManager ReloadAssembly
Native extension for WindowsStandalone target not found
Native extension for WebGL target not found
Refreshing native plugins compatible for Editor in 91.15 ms, found 3 plugins.
Preloading 0 native plugins for Editor in 0.00 ms.
Mono: successfully reloaded assembly
- Completed reload, in  2.752 seconds
Domain Reload Profiling:
	ReloadAssembly (2754ms)
		BeginReloadAssembly (313ms)
			ExecutionOrderSort (0ms)
			DisableScriptedObjects (12ms)
			BackupInstance (0ms)
			ReleaseScriptingObjects (0ms)
			CreateAndSetChildDomain (32ms)
		EndReloadAssembly (2227ms)
			LoadAssemblies (258ms)
			RebuildTransferFunctionScriptingTraits (0ms)
			SetupTypeCache (649ms)
			ReleaseScriptCaches (1ms)
			RebuildScriptCaches (102ms)
			SetupLoadedEditorAssemblies (953ms)
				LogAssemblyErrors (0ms)
				InitializePlatformSupportModulesInManaged (10ms)
				SetLoadedEditorAssemblies (0ms)
				RefreshPlugins (91ms)
				BeforeProcessingInitializeOnLoad (170ms)
				ProcessInitializeOnLoadAttributes (639ms)
				ProcessInitializeOnLoadMethodAttributes (34ms)
				AfterProcessingInitializeOnLoad (9ms)
				EditorAssembliesLoaded (0ms)
			ExecutionOrderSort2 (0ms)
			AwakeInstancesAfterBackupRestoration (14ms)
Platform modules already initialized, skipping
========================================================================
Worker process is ready to serve import requests
Launched and connected shader compiler UnityShaderCompiler.exe after 0.13 seconds
Refreshing native plugins compatible for Editor in 0.87 ms, found 3 plugins.
Preloading 0 native plugins for Editor in 0.00 ms.
Unloading 2094 Unused Serialized files (Serialized files now loaded: 0)
System memory in use before: 93.1 MB.
System memory in use after: 93.2 MB.

Unloading 28 unused Assets to reduce memory usage. Loaded Objects now: 2531.
Total: 5.855300 ms (FindLiveObjects: 0.266500 ms CreateObjectMapping: 0.117000 ms MarkObjects: 5.335500 ms  DeleteObjects: 0.133900 ms)

AssetImportParameters requested are different than current active one (requested -> active):
  custom:framework-win-MediaFoundation: 216162199b28c13a410421893ffa2e32 -> 
  custom:video-decoder-ogg-theora: a1e56fd34408186e4bbccfd4996cb3dc -> 
  custom:container-muxer-webm: aa71ff27fc2769a1b78a27578f13a17b -> 
  custom:container-demuxer-webm: 4f35f7cbe854078d1ac9338744f61a02 -> 
  custom:container-demuxer-ogg: 62fdf1f143b41e24485cea50d1cbac27 -> 
  custom:video-encoder-webm-vp8: eb34c28f22e8b96e1ab97ce403110664 -> 
  custom:video-decoder-webm-vp8: 9c59270c3fd7afecdb556c50c9e8de78 -> 
  custom:audio-decoder-ogg-vorbis: bf7c407c2cedff20999df2af8eb42d56 -> 
  custom:audio-encoder-webm-vorbis: bf7c407c2cedff20999df2af8eb42d56 -> 
========================================================================
Received Import Request.
  path: Assets/Board.png
  artifactKey: Guid(05fcfb668f0541a48b9469cb22365a5b) Importer(815301076,1909f56bfc062723c751e8b465ee728b)
Start importing Assets/Board.png using Guid(05fcfb668f0541a48b9469cb22365a5b) Importer(815301076,1909f56bfc062723c751e8b465ee728b)  -> (artifact id: '92e8e88d5b169ddebf93b83dd3f332b2') in 0.250572 seconds 
  Import took 0.258196 seconds .

========================================================================
Received Import Request.
  Time since last request: 0.000383 seconds.
  path: Assets/Player1.png
  artifactKey: Guid(73bb0a85ea8a52244be537190bbf670d) Importer(815301076,1909f56bfc062723c751e8b465ee728b)
Start importing Assets/Player1.png using Guid(73bb0a85ea8a52244be537190bbf670d) Importer(815301076,1909f56bfc062723c751e8b465ee728b)  -> (artifact id: 'b79cdb6384de44bb3e3b3b168e8d08c5') in 0.058174 seconds 
  Import took 0.066234 seconds .

========================================================================
Received Import Request.
  Time since last request: 0.000309 seconds.
  path: Assets/Chunkfive.otf
  artifactKey: Guid(24beb3137afcd494fb2286f6dd0481b5) Importer(815301076,1909f56bfc062723c751e8b465ee728b)
Start importing Assets/Chunkfive.otf using Guid(24beb3137afcd494fb2286f6dd0481b5) Importer(815301076,1909f56bfc062723c751e8b465ee728b)  -> (artifact id: '51e1c5b3ca1b5f725897456c1048dcdb') in 0.179332 seconds 
  Import took 0.186290 seconds .

========================================================================
Received Import Request.
  Time since last request: 0.000342 seconds.
  path: Assets/Board.png
  artifactKey: Guid(05fcfb668f0541a48b9469cb22365a5b) Importer(815301076,1909f56bfc062723c751e8b465ee728b)
Start importing Assets/Board.png using Guid(05fcfb668f0541a48b9469cb22365a5b) Importer(815301076,1909f56bfc062723c751e8b465ee728b)  -> (artifact id: '92e8e88d5b169ddebf93b83dd3f332b2') in 0.027871 seconds 
  Import took 0.035692 seconds .

========================================================================
Received Import Request.
  Time since last request: 0.000380 seconds.
  path: Assets/Player2.png
  artifactKey: Guid(666165c258c30b349bb3bf9c484158e0) Importer(815301076,1909f56bfc062723c751e8b465ee728b)
Start importing Assets/Player2.png using Guid(666165c258c30b349bb3bf9c484158e0) Importer(815301076,1909f56bfc062723c751e8b465ee728b)  -> (artifact id: '4f79ee52e3699d57f76e9470c168ca24') in 0.026378 seconds 
  Import took 0.037020 seconds .

========================================================================
Received Prepare
Registering precompiled user dll's ...
Registered in 0.011505 seconds.
Begin MonoManager ReloadAssembly
Native extension for WindowsStandalone target not found
Native extension for WebGL target not found
Refreshing native plugins compatible for Editor in 0.72 ms, found 3 plugins.
Preloading 0 native plugins for Editor in 0.00 ms.
Mono: successfully reloaded assembly
- Completed reload, in  2.699 seconds
Domain Reload Profiling:
	ReloadAssembly (2700ms)
		BeginReloadAssembly (359ms)
			ExecutionOrderSort (0ms)
			DisableScriptedObjects (14ms)
			BackupInstance (0ms)
			ReleaseScriptingObjects (0ms)
			CreateAndSetChildDomain (88ms)
		EndReloadAssembly (2133ms)
			LoadAssemblies (339ms)
			RebuildTransferFunctionScriptingTraits (0ms)
			SetupTypeCache (645ms)
			ReleaseScriptCaches (2ms)
			RebuildScriptCaches (87ms)
			SetupLoadedEditorAssemblies (914ms)
				LogAssemblyErrors (0ms)
				InitializePlatformSupportModulesInManaged (12ms)
				SetLoadedEditorAssemblies (1ms)
				RefreshPlugins (1ms)
				BeforeProcessingInitializeOnLoad (172ms)
				ProcessInitializeOnLoadAttributes (701ms)
				ProcessInitializeOnLoadMethodAttributes (11ms)
				AfterProcessingInitializeOnLoad (14ms)
				EditorAssembliesLoaded (0ms)
			ExecutionOrderSort2 (0ms)
			AwakeInstancesAfterBackupRestoration (28ms)
Platform modules already initialized, skipping
Refreshing native plugins compatible for Editor in 1.29 ms, found 3 plugins.
Preloading 0 native plugins for Editor in 0.00 ms.
Unloading 2084 Unused Serialized files (Serialized files now loaded: 0)
System memory in use before: 95.9 MB.
System memory in use after: 96.0 MB.

Unloading 16 unused Assets to reduce memory usage. Loaded Objects now: 2585.
Total: 8.014800 ms (FindLiveObjects: 0.546600 ms CreateObjectMapping: 0.266700 ms MarkObjects: 7.136500 ms  DeleteObjects: 0.061300 ms)

AssetImportParameters requested are different than current active one (requested -> active):
  custom:framework-win-MediaFoundation: 216162199b28c13a410421893ffa2e32 -> 
  custom:video-decoder-ogg-theora: a1e56fd34408186e4bbccfd4996cb3dc -> 
  custom:container-muxer-webm: aa71ff27fc2769a1b78a27578f13a17b -> 
  custom:container-demuxer-webm: 4f35f7cbe854078d1ac9338744f61a02 -> 
  custom:container-demuxer-ogg: 62fdf1f143b41e24485cea50d1cbac27 -> 
  custom:video-encoder-webm-vp8: eb34c28f22e8b96e1ab97ce403110664 -> 
  custom:video-decoder-webm-vp8: 9c59270c3fd7afecdb556c50c9e8de78 -> 
  custom:audio-decoder-ogg-vorbis: bf7c407c2cedff20999df2af8eb42d56 -> 
  custom:audio-encoder-webm-vorbis: bf7c407c2cedff20999df2af8eb42d56 -> 
========================================================================
Received Import Request.
  Time since last request: 176.506744 seconds.
  path: Assets/Dice.cs
  artifactKey: Guid(e381a6a732d02354b97db6505c1a0c40) Importer(815301076,1909f56bfc062723c751e8b465ee728b)
Start importing Assets/Dice.cs using Guid(e381a6a732d02354b97db6505c1a0c40) Importer(815301076,1909f56bfc062723c751e8b465ee728b)  -> (artifact id: '3d42c5117ec29caa7af95b5c8ddf86a4') in 0.025413 seconds 
  Import took 0.032418 seconds .

========================================================================
Received Import Request.
  Time since last request: 11.661084 seconds.
  path: Assets/Resources
  artifactKey: Guid(341f77ddb619231488b0fcfd42cf8edc) Importer(815301076,1909f56bfc062723c751e8b465ee728b)
Start importing Assets/Resources using Guid(341f77ddb619231488b0fcfd42cf8edc) Importer(815301076,1909f56bfc062723c751e8b465ee728b)  -> (artifact id: '962a2302caf2204089c1fd604098eda1') in 0.005229 seconds 
  Import took 0.012710 seconds .

========================================================================
Received Import Request.
  Time since last request: 0.932011 seconds.
  path: Assets/Resources/DiceSides
  artifactKey: Guid(4319bad7c08a1c64a99540f0f27aa283) Importer(815301076,1909f56bfc062723c751e8b465ee728b)
Start importing Assets/Resources/DiceSides using Guid(4319bad7c08a1c64a99540f0f27aa283) Importer(815301076,1909f56bfc062723c751e8b465ee728b)  -> (artifact id: '404c90ccaf9a4836f2eb7e9566a1e6ee') in 0.004402 seconds 
  Import took 0.013287 seconds .

========================================================================
Received Import Request.
  Time since last request: 0.058476 seconds.
  path: Assets/Resources/DiceSides/Side1.png
  artifactKey: Guid(56947ea56e5ac414fa1f996d5b6fa16a) Importer(815301076,1909f56bfc062723c751e8b465ee728b)
Start importing Assets/Resources/DiceSides/Side1.png using Guid(56947ea56e5ac414fa1f996d5b6fa16a) Importer(815301076,1909f56bfc062723c751e8b465ee728b)  -> (artifact id: '252dc8eaa75a700f6f696a1f8597d77b') in 0.105541 seconds 
  Import took 0.113268 seconds .

========================================================================
Received Import Request.
  Time since last request: 0.000610 seconds.
  path: Assets/Resources/DiceSides/Side4.png
  artifactKey: Guid(ba840160625f865448a587d15bfb7536) Importer(815301076,1909f56bfc062723c751e8b465ee728b)
Start importing Assets/Resources/DiceSides/Side4.png using Guid(ba840160625f865448a587d15bfb7536) Importer(815301076,1909f56bfc062723c751e8b465ee728b)  -> (artifact id: 'd12ed00697c40fe5d6204887418bf481') in 0.026543 seconds 
  Import took 0.033626 seconds .

========================================================================
Received Import Request.
  Time since last request: 0.000355 seconds.
  path: Assets/Resources/DiceSides/Side5.png
  artifactKey: Guid(7dafbc0170080d64ab0c471d489c4ab8) Importer(815301076,1909f56bfc062723c751e8b465ee728b)
Start importing Assets/Resources/DiceSides/Side5.png using Guid(7dafbc0170080d64ab0c471d489c4ab8) Importer(815301076,1909f56bfc062723c751e8b465ee728b)  -> (artifact id: '57bf99866d3d48e4d52f4c2434188b25') in 0.024732 seconds 
  Import took 0.030918 seconds .

========================================================================
Received Import Request.
  Time since last request: 0.000612 seconds.
  path: Assets/Resources/DiceSides/Side2.png
  artifactKey: Guid(fbb15bfde1503a24ba64ac61237b6cf2) Importer(815301076,1909f56bfc062723c751e8b465ee728b)
Start importing Assets/Resources/DiceSides/Side2.png using Guid(fbb15bfde1503a24ba64ac61237b6cf2) Importer(815301076,1909f56bfc062723c751e8b465ee728b)  -> (artifact id: 'cc823ca8fa1a4171efc2738b4507d4e6') in 0.025418 seconds 
  Import took 0.032417 seconds .

========================================================================
Received Import Request.
  Time since last request: 0.000599 seconds.
  path: Assets/Resources/DiceSides/Side3.png
  artifactKey: Guid(b2ef2e963057e04498d63b2105eafb53) Importer(815301076,1909f56bfc062723c751e8b465ee728b)
Start importing Assets/Resources/DiceSides/Side3.png using Guid(b2ef2e963057e04498d63b2105eafb53) Importer(815301076,1909f56bfc062723c751e8b465ee728b)  -> (artifact id: '6bb896749c41232b84d3fdd2aad4a20a') in 0.026423 seconds 
  Import took 0.032874 seconds .

========================================================================
Received Import Request.
  Time since last request: 0.000444 seconds.
  path: Assets/Resources/DiceSides/Side6.png
  artifactKey: Guid(8b088f70b4971814f9ed189727eb2dea) Importer(815301076,1909f56bfc062723c751e8b465ee728b)
Start importing Assets/Resources/DiceSides/Side6.png using Guid(8b088f70b4971814f9ed189727eb2dea) Importer(815301076,1909f56bfc062723c751e8b465ee728b)  -> (artifact id: 'e29928da435ddc03ee798a12d04b22ca') in 0.027150 seconds 
  Import took 0.035762 seconds .

========================================================================
Received Import Request.
  Time since last request: 14032.831743 seconds.
  path: Assets/FollowThePath.cs
  artifactKey: Guid(26fa2619ea7e95248b95fae81abc8e9b) Importer(815301076,1909f56bfc062723c751e8b465ee728b)
Start importing Assets/FollowThePath.cs using Guid(26fa2619ea7e95248b95fae81abc8e9b) Importer(815301076,1909f56bfc062723c751e8b465ee728b)  -> (artifact id: 'c3fa790b81bad74410480ab01ed1ed64') in 0.021804 seconds 
  Import took 0.200537 seconds .

========================================================================
Received Prepare
Registering precompiled user dll's ...
Registered in 0.010885 seconds.
Begin MonoManager ReloadAssembly
Native extension for WindowsStandalone target not found
Native extension for WebGL target not found
Refreshing native plugins compatible for Editor in 0.83 ms, found 3 plugins.
Preloading 0 native plugins for Editor in 0.00 ms.
Mono: successfully reloaded assembly
- Completed reload, in  3.029 seconds
Domain Reload Profiling:
	ReloadAssembly (3042ms)
		BeginReloadAssembly (381ms)
			ExecutionOrderSort (0ms)
			DisableScriptedObjects (42ms)
			BackupInstance (0ms)
			ReleaseScriptingObjects (0ms)
			CreateAndSetChildDomain (143ms)
		EndReloadAssembly (2490ms)
			LoadAssemblies (248ms)
			RebuildTransferFunctionScriptingTraits (0ms)
			SetupTypeCache (840ms)
			ReleaseScriptCaches (4ms)
			RebuildScriptCaches (139ms)
			SetupLoadedEditorAssemblies (1014ms)
				LogAssemblyErrors (0ms)
				InitializePlatformSupportModulesInManaged (29ms)
				SetLoadedEditorAssemblies (3ms)
				RefreshPlugins (1ms)
				BeforeProcessingInitializeOnLoad (247ms)
				ProcessInitializeOnLoadAttributes (702ms)
				ProcessInitializeOnLoadMethodAttributes (18ms)
				AfterProcessingInitializeOnLoad (15ms)
				EditorAssembliesLoaded (0ms)
			ExecutionOrderSort2 (0ms)
			AwakeInstancesAfterBackupRestoration (23ms)
Platform modules already initialized, skipping
Refreshing native plugins compatible for Editor in 1.11 ms, found 3 plugins.
Preloading 0 native plugins for Editor in 0.00 ms.
Unloading 2084 Unused Serialized files (Serialized files now loaded: 0)
System memory in use before: 95.9 MB.
System memory in use after: 96.0 MB.

Unloading 16 unused Assets to reduce memory usage. Loaded Objects now: 2590.
Total: 6.201700 ms (FindLiveObjects: 0.308800 ms CreateObjectMapping: 0.121000 ms MarkObjects: 5.456300 ms  DeleteObjects: 0.294000 ms)

AssetImportParameters requested are different than current active one (requested -> active):
  custom:framework-win-MediaFoundation: 216162199b28c13a410421893ffa2e32 -> 
  custom:video-decoder-ogg-theora: a1e56fd34408186e4bbccfd4996cb3dc -> 
  custom:container-muxer-webm: aa71ff27fc2769a1b78a27578f13a17b -> 
  custom:container-demuxer-webm: 4f35f7cbe854078d1ac9338744f61a02 -> 
  custom:container-demuxer-ogg: 62fdf1f143b41e24485cea50d1cbac27 -> 
  custom:video-encoder-webm-vp8: eb34c28f22e8b96e1ab97ce403110664 -> 
  custom:video-decoder-webm-vp8: 9c59270c3fd7afecdb556c50c9e8de78 -> 
  custom:audio-decoder-ogg-vorbis: bf7c407c2cedff20999df2af8eb42d56 -> 
  custom:audio-encoder-webm-vorbis: bf7c407c2cedff20999df2af8eb42d56 -> 
========================================================================
Received Import Request.
  Time since last request: 115.399504 seconds.
  path: Assets/GameControl.cs
  artifactKey: Guid(89eb6cfc89eb01748bcddda1a7a2b5e7) Importer(815301076,1909f56bfc062723c751e8b465ee728b)
Start importing Assets/GameControl.cs using Guid(89eb6cfc89eb01748bcddda1a7a2b5e7) Importer(815301076,1909f56bfc062723c751e8b465ee728b)  -> (artifact id: 'eeaadc408c735d05c7cd6b21a870d0b1') in 0.010024 seconds 
  Import took 0.017552 seconds .

AssetImportWorkerClient::OnTransportError - code=2 error=End of file
